2025-12-26 15:08:13,835 [Worker-6: Loading available Gradle versions] INFO  o.e.b.c.i.u.g.PublishedGradleVersions - Gradle version information cache is up-to-date. Trying to read.
2025-12-26 15:09:52,123 [Worker-5: Import Getting Started Content] INFO  o.e.m.c.i.l.LifecycleMappingFactory - Using org.eclipse.m2e.jdt.JarLifecycleMapping lifecycle mapping for MavenProject: com.loanapp:loan-application-and-management-system:0.0.1-SNAPSHOT @ /home/labuser/Documents/loan-a&m-system/loan-application-and-management-system/pom.xml.
2025-12-26 15:09:53,420 [Worker-5: Import Getting Started Content] INFO  o.e.m.j.i.AbstractJavaProjectConfigurator - Adding source folder /loan-application-and-management-system/src/main/java
2025-12-26 15:09:53,423 [Worker-5: Import Getting Started Content] INFO  o.e.m.j.i.AbstractJavaProjectConfigurator - Adding resource folder /loan-application-and-management-system/src/main/resources
2025-12-26 15:09:53,426 [Worker-5: Import Getting Started Content] INFO  o.e.m.j.i.AbstractJavaProjectConfigurator - Adding resource folder /loan-application-and-management-system/src/main/resources
2025-12-26 15:09:53,429 [Worker-5: Import Getting Started Content] INFO  o.e.m.j.i.AbstractJavaProjectConfigurator - Adding source folder /loan-application-and-management-system/src/test/java
2025-12-26 15:09:53,431 [Worker-5: Import Getting Started Content] INFO  o.e.m.j.i.AbstractJavaProjectConfigurator - Adding resource folder /loan-application-and-management-system/src/test/resources
2025-12-26 15:09:54,137 [Worker-5: Import Getting Started Content] INFO  o.e.m.c.i.p.ProjectConfigurationManager - Imported and configured 1 project(s) in 4 sec
2025-12-26 15:09:54,142 [Worker-5: Import Getting Started Content] INFO  o.e.m.c.i.p.ProjectConfigurationManager - Update started
2025-12-26 15:09:54,504 [Worker-5: Import Getting Started Content] INFO  o.e.m.c.i.l.LifecycleMappingFactory - Using org.eclipse.m2e.jdt.JarLifecycleMapping lifecycle mapping for MavenProject: com.loanapp:loan-application-and-management-system:0.0.1-SNAPSHOT @ /home/labuser/Documents/loan-a&m-system/loan-application-and-management-system/pom.xml.
2025-12-26 15:09:54,768 [Worker-5: Import Getting Started Content] INFO  o.e.m.j.i.AbstractJavaProjectConfigurator - Adding source folder /loan-application-and-management-system/src/main/java
2025-12-26 15:09:54,768 [Worker-5: Import Getting Started Content] INFO  o.e.m.j.i.AbstractJavaProjectConfigurator - Adding resource folder /loan-application-and-management-system/src/main/resources
2025-12-26 15:09:54,768 [Worker-5: Import Getting Started Content] INFO  o.e.m.j.i.AbstractJavaProjectConfigurator - Adding resource folder /loan-application-and-management-system/src/main/resources
2025-12-26 15:09:54,769 [Worker-5: Import Getting Started Content] INFO  o.e.m.j.i.AbstractJavaProjectConfigurator - Adding source folder /loan-application-and-management-system/src/test/java
2025-12-26 15:09:54,769 [Worker-5: Import Getting Started Content] INFO  o.e.m.j.i.AbstractJavaProjectConfigurator - Adding resource folder /loan-application-and-management-system/src/test/resources
2025-12-26 15:09:55,353 [Worker-5: Import Getting Started Content] INFO  o.e.m.c.i.p.ProjectConfigurationManager - Update completed for 1 poms: local refresh takes 0.00 sec, refresh facades takes 0.00 sec, update config takes 0.00 sec 
2025-12-26 15:09:57,468 [Worker-6: Building] INFO  o.a.m.s.f.DefaultMavenResourcesFiltering - Copying 1 resource from src/main/resources to target/classes
2025-12-26 15:09:57,519 [Worker-6: Building] INFO  o.a.m.s.f.DefaultMavenResourcesFiltering - Copying 0 resource from src/main/resources to target/classes
2025-12-26 15:09:57,534 [Worker-6: Building] INFO  o.a.m.s.f.DefaultMavenResourcesFiltering - skip non existing resourceDirectory /home/labuser/Documents/loan-a&m-system/loan-application-and-management-system/src/test/resources
2025-12-26 15:10:22,479 [Worker-4: Building] INFO  o.e.m.c.i.l.LifecycleMappingFactory - Using org.eclipse.m2e.jdt.JarLifecycleMapping lifecycle mapping for MavenProject: com.loanapp:loan-application-and-management-system:0.0.1-SNAPSHOT @ /home/labuser/Documents/loan-a&m-system/loan-application-and-management-system/pom.xml.
2025-12-26 15:10:23,541 [Worker-4: Building] INFO  o.a.m.s.f.DefaultMavenResourcesFiltering - Copying 0 resource from src/main/resources to target/classes
2025-12-26 15:10:23,542 [Worker-4: Building] INFO  o.a.m.s.f.DefaultMavenResourcesFiltering - Copying 0 resource from src/main/resources to target/classes
2025-12-26 15:10:23,554 [Worker-4: Building] INFO  o.a.m.s.f.DefaultMavenResourcesFiltering - skip non existing resourceDirectory /home/labuser/Documents/loan-a&m-system/loan-application-and-management-system/src/test/resources
2025-12-26 15:10:24,125 [Worker-5: Updating Maven Project] INFO  o.e.m.c.i.p.ProjectConfigurationManager - Update started
2025-12-26 15:10:24,546 [Worker-5: Updating Maven Project] INFO  o.e.m.c.i.l.LifecycleMappingFactory - Using org.eclipse.m2e.jdt.JarLifecycleMapping lifecycle mapping for MavenProject: com.loanapp:loan-application-and-management-system:0.0.1-SNAPSHOT @ /home/labuser/Documents/loan-a&m-system/loan-application-and-management-system/pom.xml.
2025-12-26 15:10:25,274 [Worker-5: Updating Maven Project] INFO  o.e.m.j.i.AbstractJavaProjectConfigurator - Adding source folder /loan-application-and-management-system/src/main/java
2025-12-26 15:10:25,275 [Worker-5: Updating Maven Project] INFO  o.e.m.j.i.AbstractJavaProjectConfigurator - Adding resource folder /loan-application-and-management-system/src/main/resources
2025-12-26 15:10:25,275 [Worker-5: Updating Maven Project] INFO  o.e.m.j.i.AbstractJavaProjectConfigurator - Adding resource folder /loan-application-and-management-system/src/main/resources
2025-12-26 15:10:25,276 [Worker-5: Updating Maven Project] INFO  o.e.m.j.i.AbstractJavaProjectConfigurator - Adding source folder /loan-application-and-management-system/src/test/java
2025-12-26 15:10:25,276 [Worker-5: Updating Maven Project] INFO  o.e.m.j.i.AbstractJavaProjectConfigurator - Adding resource folder /loan-application-and-management-system/src/test/resources
2025-12-26 15:10:25,645 [Worker-5: Updating Maven Project] INFO  o.e.m.c.i.p.ProjectConfigurationManager - Update completed for 1 poms: local refresh takes 0.00 sec, refresh facades takes 1.00 sec, update config takes 0.00 sec 
2025-12-26 15:10:26,362 [Worker-9: Building] INFO  o.a.m.s.f.DefaultMavenResourcesFiltering - Copying 1 resource from src/main/resources to target/classes
2025-12-26 15:10:26,391 [Worker-9: Building] INFO  o.a.m.s.f.DefaultMavenResourcesFiltering - Copying 0 resource from src/main/resources to target/classes
2025-12-26 15:10:26,407 [Worker-9: Building] INFO  o.a.m.s.f.DefaultMavenResourcesFiltering - skip non existing resourceDirectory /home/labuser/Documents/loan-a&m-system/loan-application-and-management-system/src/test/resources
2025-12-26 15:10:58,792 [Worker-5: Building] INFO  o.a.m.s.f.DefaultMavenResourcesFiltering - Copying 1 resource from src/main/resources to target/classes
2025-12-26 15:10:58,833 [Worker-5: Building] INFO  o.a.m.s.f.DefaultMavenResourcesFiltering - Copying 0 resource from src/main/resources to target/classes
2025-12-26 15:10:58,852 [Worker-5: Building] INFO  o.a.m.s.f.DefaultMavenResourcesFiltering - skip non existing resourceDirectory /home/labuser/Documents/loan-a&m-system/loan-application-and-management-system/src/test/resources
2025-12-26 15:11:04,134 [Worker-9: Building] INFO  o.a.m.s.f.DefaultMavenResourcesFiltering - Copying 1 resource from src/main/resources to target/classes
2025-12-26 15:11:04,144 [Worker-9: Building] INFO  o.a.m.s.f.DefaultMavenResourcesFiltering - Copying 0 resource from src/main/resources to target/classes
2025-12-26 15:11:04,149 [Worker-9: Building] INFO  o.a.m.s.f.DefaultMavenResourcesFiltering - skip non existing resourceDirectory /home/labuser/Documents/loan-a&m-system/loan-application-and-management-system/src/test/resources
2025-12-26 15:13:19,605 [Worker-11: Building] INFO  o.a.m.s.f.DefaultMavenResourcesFiltering - Copying 1 resource from src/main/resources to target/classes
2025-12-26 15:13:19,612 [Worker-11: Building] INFO  o.a.m.s.f.DefaultMavenResourcesFiltering - Copying 0 resource from src/main/resources to target/classes
2025-12-26 15:13:19,616 [Worker-11: Building] INFO  o.a.m.s.f.DefaultMavenResourcesFiltering - skip non existing resourceDirectory /home/labuser/Documents/loan-a&m-system/loan-application-and-management-system/src/test/resources
2025-12-26 15:14:53,670 [Worker-15: Building] INFO  o.a.m.s.f.DefaultMavenResourcesFiltering - Copying 1 resource from src/main/resources to target/classes
2025-12-26 15:14:53,683 [Worker-15: Building] INFO  o.a.m.s.f.DefaultMavenResourcesFiltering - Copying 0 resource from src/main/resources to target/classes
2025-12-26 15:14:53,689 [Worker-15: Building] INFO  o.a.m.s.f.DefaultMavenResourcesFiltering - skip non existing resourceDirectory /home/labuser/Documents/loan-a&m-system/loan-application-and-management-system/src/test/resources
2025-12-26 15:15:07,398 [Worker-14: Building] INFO  o.a.m.s.f.DefaultMavenResourcesFiltering - Copying 1 resource from src/main/resources to target/classes
2025-12-26 15:15:07,404 [Worker-14: Building] INFO  o.a.m.s.f.DefaultMavenResourcesFiltering - Copying 0 resource from src/main/resources to target/classes
2025-12-26 15:15:07,408 [Worker-14: Building] INFO  o.a.m.s.f.DefaultMavenResourcesFiltering - skip non existing resourceDirectory /home/labuser/Documents/loan-a&m-system/loan-application-and-management-system/src/test/resources
2025-12-26 15:15:14,785 [Worker-14: Building] INFO  o.a.m.s.f.DefaultMavenResourcesFiltering - Copying 1 resource from src/main/resources to target/classes
2025-12-26 15:15:14,790 [Worker-14: Building] INFO  o.a.m.s.f.DefaultMavenResourcesFiltering - Copying 0 resource from src/main/resources to target/classes
2025-12-26 15:15:14,795 [Worker-14: Building] INFO  o.a.m.s.f.DefaultMavenResourcesFiltering - skip non existing resourceDirectory /home/labuser/Documents/loan-a&m-system/loan-application-and-management-system/src/test/resources
